<?xml version="1.0" encoding="UTF-8"?>
<testng-results ignored="0" total="1" passed="1" failed="0" skipped="0">
  <reporter-output>
  </reporter-output>
  <suite started-at="2021-12-14T09:37:31 EST" name="Command line suite" finished-at="2021-12-14T09:37:37 EST" duration-ms="6136">
    <groups>
      <group name="cucumber">
        <method signature="AbstractTestNGCucumberTests.runScenario(io.cucumber.testng.PickleWrapper,io.cucumber.testng.FeatureWrapper)[pri:0, instance:com.expedia.test_runner.Test_Runner@55740540]" name="runScenario" class="io.cucumber.testng.AbstractTestNGCucumberTests"/>
      </group> <!-- cucumber -->
    </groups>
    <test started-at="2021-12-14T09:37:31 EST" name="Command line test" finished-at="2021-12-14T09:37:37 EST" duration-ms="6136">
      <class name="com.expedia.test_runner.Test_Runner">
        <test-method is-config="true" signature="setUpClass()[pri:0, instance:com.expedia.test_runner.Test_Runner@55740540]" started-at="2021-12-14T09:37:31 EST" name="setUpClass" finished-at="2021-12-14T09:37:31 EST" duration-ms="177" status="PASS">
          <reporter-output>
          </reporter-output>
        </test-method> <!-- setUpClass -->
        <test-method signature="runScenario(io.cucumber.testng.PickleWrapper,io.cucumber.testng.FeatureWrapper)[pri:0, instance:com.expedia.test_runner.Test_Runner@55740540]" started-at="2021-12-14T09:37:31 EST" name="runScenario" description="Runs Cucumber Scenarios" data-provider="scenarios" finished-at="2021-12-14T09:37:37 EST" duration-ms="5930" status="PASS">
          <params>
            <param index="0">
              <value>
                <![CDATA["user is able to see tabs :book,flight status,check-in etc"]]>
              </value>
            </param>
            <param index="1">
              <value>
                <![CDATA["Optional[Critical functionalities]"]]>
              </value>
            </param>
          </params>
          <reporter-output>
          </reporter-output>
        </test-method> <!-- runScenario -->
        <test-method is-config="true" signature="tearDownClass()[pri:0, instance:com.expedia.test_runner.Test_Runner@55740540]" started-at="2021-12-14T09:37:37 EST" name="tearDownClass" finished-at="2021-12-14T09:37:37 EST" duration-ms="3" status="PASS">
          <reporter-output>
          </reporter-output>
        </test-method> <!-- tearDownClass -->
      </class> <!-- com.expedia.test_runner.Test_Runner -->
    </test> <!-- Command line test -->
  </suite> <!-- Command line suite -->
</testng-results>
